Determining if the pthread_create exist failed with the following output:
Change Dir: /home/pi/Mouse-glove/CMakeFiles/CMakeTmp

Run Build Command:"/usr/bin/make" "cmTC_1b554/fast"
make[1]: Entering directory '/home/pi/Mouse-glove/CMakeFiles/CMakeTmp'
/usr/bin/make -f CMakeFiles/cmTC_1b554.dir/build.make CMakeFiles/cmTC_1b554.dir/build
make[2]: Entering directory '/home/pi/Mouse-glove/CMakeFiles/CMakeTmp'
Building C object CMakeFiles/cmTC_1b554.dir/CheckSymbolExists.c.o
/usr/bin/cc    -o CMakeFiles/cmTC_1b554.dir/CheckSymbolExists.c.o   -c /home/pi/Mouse-glove/CMakeFiles/CMakeTmp/CheckSymbolExists.c
Linking C executable cmTC_1b554
/usr/bin/cmake -E cmake_link_script CMakeFiles/cmTC_1b554.dir/link.txt --verbose=1
/usr/bin/cc      -rdynamic CMakeFiles/cmTC_1b554.dir/CheckSymbolExists.c.o  -o cmTC_1b554 
/usr/bin/ld: CMakeFiles/cmTC_1b554.dir/CheckSymbolExists.c.o: in function `main':
CheckSymbolExists.c:(.text+0x38): undefined reference to `pthread_create'
collect2: error: ld returned 1 exit status
make[2]: *** [CMakeFiles/cmTC_1b554.dir/build.make:87: cmTC_1b554] Error 1
make[2]: Leaving directory '/home/pi/Mouse-glove/CMakeFiles/CMakeTmp'
make[1]: *** [Makefile:121: cmTC_1b554/fast] Error 2
make[1]: Leaving directory '/home/pi/Mouse-glove/CMakeFiles/CMakeTmp'

File /home/pi/Mouse-glove/CMakeFiles/CMakeTmp/CheckSymbolExists.c:
/* */
#include <pthread.h>

int main(int argc, char** argv)
{
  (void)argv;
#ifndef pthread_create
  return ((int*)(&pthread_create))[argc];
#else
  (void)argc;
  return 0;
#endif
}

Determining if the function pthread_create exists in the pthreads failed with the following output:
Change Dir: /home/pi/Mouse-glove/CMakeFiles/CMakeTmp

Run Build Command:"/usr/bin/make" "cmTC_d38d7/fast"
make[1]: Entering directory '/home/pi/Mouse-glove/CMakeFiles/CMakeTmp'
/usr/bin/make -f CMakeFiles/cmTC_d38d7.dir/build.make CMakeFiles/cmTC_d38d7.dir/build
make[2]: Entering directory '/home/pi/Mouse-glove/CMakeFiles/CMakeTmp'
Building C object CMakeFiles/cmTC_d38d7.dir/CheckFunctionExists.c.o
/usr/bin/cc   -DCHECK_FUNCTION_EXISTS=pthread_create   -o CMakeFiles/cmTC_d38d7.dir/CheckFunctionExists.c.o   -c /usr/share/cmake-3.13/Modules/CheckFunctionExists.c
Linking C executable cmTC_d38d7
/usr/bin/cmake -E cmake_link_script CMakeFiles/cmTC_d38d7.dir/link.txt --verbose=1
/usr/bin/cc  -DCHECK_FUNCTION_EXISTS=pthread_create    -rdynamic CMakeFiles/cmTC_d38d7.dir/CheckFunctionExists.c.o  -o cmTC_d38d7 -lpthreads 
/usr/bin/ld: cannot find -lpthreads
collect2: error: ld returned 1 exit status
make[2]: *** [CMakeFiles/cmTC_d38d7.dir/build.make:87: cmTC_d38d7] Error 1
make[2]: Leaving directory '/home/pi/Mouse-glove/CMakeFiles/CMakeTmp'
make[1]: *** [Makefile:121: cmTC_d38d7/fast] Error 2
make[1]: Leaving directory '/home/pi/Mouse-glove/CMakeFiles/CMakeTmp'


